<?xml version="1.0" encoding="UTF-8"?>
<testng-results ignored="0" total="1" passed="1" failed="0" skipped="0">
  <reporter-output>
  </reporter-output>
  <suite started-at="2022-05-05T19:07:21 IST" name="Suite" finished-at="2022-05-05T19:07:22 IST" duration-ms="69">
    <groups>
    </groups>
    <test started-at="2022-05-05T19:07:21 IST" name="Test" finished-at="2022-05-05T19:07:22 IST" duration-ms="69">
      <class name="package1.Test1">
        <test-method signature="function1()[pri:0, instance:package1.Test1@2f7c2f4f]" started-at="2022-05-05T19:07:22 IST" name="function1" finished-at="2022-05-05T19:07:22 IST" duration-ms="10" status="PASS">
          <reporter-output>
          </reporter-output>
        </test-method> <!-- function1 -->
      </class> <!-- package1.Test1 -->
    </test> <!-- Test -->
  </suite> <!-- Suite -->
</testng-results>
